\BOOKMARK [1][-]{section.1}{选题介绍}{}% 1
\BOOKMARK [1][-]{section.2}{算法背景}{}% 2
\BOOKMARK [2][-]{subsection.2.1}{文本建模}{section.2}% 3
\BOOKMARK [2][-]{subsection.2.2}{Dirichlet分布与多项分布}{section.2}% 4
\BOOKMARK [2][-]{subsection.2.3}{Gibbs采样}{section.2}% 5
\BOOKMARK [1][-]{section.3}{实现过程}{}% 6
\BOOKMARK [2][-]{subsection.3.1}{语料收集}{section.3}% 7
\BOOKMARK [2][-]{subsection.3.2}{PDF数据处理}{section.3}% 8
\BOOKMARK [2][-]{subsection.3.3}{单词筛选}{section.3}% 9
\BOOKMARK [2][-]{subsection.3.4}{初步尝试LDA效果}{section.3}% 10
\BOOKMARK [2][-]{subsection.3.5}{改进1}{section.3}% 11
\BOOKMARK [2][-]{subsection.3.6}{改进后效果}{section.3}% 12
\BOOKMARK [2][-]{subsection.3.7}{More?}{section.3}% 13
\BOOKMARK [1][-]{section.4}{效果及分析}{}% 14
\BOOKMARK [2][-]{subsection.4.1}{How\040to\040Run\040It?}{section.4}% 15
\BOOKMARK [2][-]{subsection.4.2}{数据集效果}{section.4}% 16
\BOOKMARK [2][-]{subsection.4.3}{LDA主题效果}{section.4}% 17
\BOOKMARK [1][-]{section.5}{The\040End}{}% 18
\BOOKMARK [2][-]{subsection.5.1}{总结}{section.5}% 19
\BOOKMARK [2][-]{subsection.5.2}{Counterclaim?}{section.5}% 20
\BOOKMARK [1][-]{section.6}{Thank\040You}{}% 21
